ilCompilator - compilé le Dec 18 2006 à 08:06:28
<brossill@enseirb.fr><lerouxj@enseirb.fr>
debug_echo: instanciation d'un module HashTable
debug_echo: instanciation d'un module ContextStack
debug_echo: instanciation d'un module DeclarationQueue
debug_echo: instanciation d'un module InstructionQueue
debug_echo: instanciation d'un module Label
debug_echo: appel yyparse(), Ctrl+D pour arrêter la saisie
debug_echo: <déclaration>
debug_echoi: Type du symbole:, paramètre: 1
debug_echoi: ID, son TinyStringID vaut:, paramètre: 37
debug_echoi: Symbole créé à l'adresse:, paramètre: 134604408
debug_echoi: Niveau de référencement:, paramètre: 0
debug_echo: déclaration du symbole empilée
debug_echo: </déclaration>
debug_echo: <déclaration>
debug_echoi: Type du symbole:, paramètre: 0
debug_echoi: ID, son TinyStringID vaut:, paramètre: 33
debug_echoi: Symbole créé à l'adresse:, paramètre: 134604488
debug_echoi: Niveau de référencement:, paramètre: 0
debug_echo: déclaration du symbole empilée
debug_echo: </déclaration>
debug_echoi: Symbole trouvé dans le contexte à l'adresse:, paramètre: 134604408
debug_echof: tentative de conversion strtof sur NUM_F, paramètre: 2350.57
debug_echoi: Symbole FLOAT créé à l'adresse:, paramètre: 134604528
debug_echo: déclaration du symbole empilée
debug_echo: instruction d'affectation empilée
WARNING, Guru Meditation: Pertes de données lors du cast.
WARNING, Guru Meditation: conversion implicite du symbole, avec perte de données
debug_echoi: assigne à $1, situé à, paramètre: 134604408
debug_echoi: la donnée dans $3, située à, paramètre: 134605192
debug_echo: instruction d'assignement empilée
debug_echoi: Symbole trouvé dans le contexte à l'adresse:, paramètre: 134604488
debug_echof: tentative de conversion strtof sur NUM_F, paramètre: 24678.2
debug_echoi: Symbole FLOAT créé à l'adresse:, paramètre: 134605296
debug_echo: déclaration du symbole empilée
debug_echo: instruction d'affectation empilée
WARNING, Guru Meditation: Pertes de données lors du cast.
WARNING, Guru Meditation: conversion implicite du symbole, avec perte de données
WARNING, Guru Meditation: Pertes de données lors du cast.
WARNING, Guru Meditation: conversion implicite du symbole, avec perte de données
debug_echoi: assigne à $1, situé à, paramètre: 134604488
debug_echoi: la donnée dans $3, située à, paramètre: 134605440
debug_echo: instruction d'assignement empilée
debug_echo: yyparse() a terminé
debug_echo: instanciation d'un module CodeWriter
debug_echo: Production de code cible dans:
debug_echo: output.3a
debug_echo: production des déclarations...
debug_echo: production des instructions...
debug_echo: libération des ressources...
debug_echo: Fin de l'écriture du code de sortie.

