ilCompilator - compilé le Dec 18 2006 à 08:06:28
<brossill@enseirb.fr><lerouxj@enseirb.fr>
debug_echo: instanciation d'un module HashTable
debug_echo: instanciation d'un module ContextStack
debug_echo: instanciation d'un module DeclarationQueue
debug_echo: instanciation d'un module InstructionQueue
debug_echo: instanciation d'un module Label
debug_echo: appel yyparse(), Ctrl+D pour arrêter la saisie
debug_echo: <déclaration>
debug_echoi: Type du symbole:, paramètre: 1
debug_echoi: ID, son TinyStringID vaut:, paramètre: 13
debug_echoi: Symbole créé à l'adresse:, paramètre: 134604424
debug_echoi: Niveau de référencement:, paramètre: 0
debug_echo: déclaration du symbole empilée
debug_echoi: ID, son TinyStringID vaut:, paramètre: 51
debug_echoi: Symbole créé à l'adresse:, paramètre: 134604504
debug_echoi: Niveau de référencement:, paramètre: 0
debug_echo: déclaration du symbole empilée
debug_echo: </déclaration>
debug_echo: <déclaration>
debug_echoi: Type du symbole:, paramètre: 2
debug_echoi: ID, son TinyStringID vaut:, paramètre: 5
debug_echoi: Symbole créé à l'adresse:, paramètre: 134604568
debug_echoi: Niveau de référencement:, paramètre: 0
debug_echo: déclaration du symbole empilée
debug_echo: </déclaration>
debug_echo: <déclaration>
debug_echoi: Type du symbole:, paramètre: 2
debug_echoi: ID, son TinyStringID vaut:, paramètre: 20
debug_echoi: Symbole créé à l'adresse:, paramètre: 134605200
debug_echoi: Niveau de référencement:, paramètre: 0
debug_echo: déclaration du symbole empilée
debug_echo: </déclaration>
debug_echo: <déclaration>
debug_echoi: Type du symbole:, paramètre: 2
debug_echoi: ID, son TinyStringID vaut:, paramètre: 4
debug_echoi: Symbole créé à l'adresse:, paramètre: 134605264
debug_echoi: Niveau de référencement:, paramètre: 0
debug_echo: déclaration du symbole empilée
debug_echo: </déclaration>
debug_echo: <déclaration>
debug_echoi: Type du symbole:, paramètre: 2
debug_echoi: ID, son TinyStringID vaut:, paramètre: 57
debug_echoi: Symbole créé à l'adresse:, paramètre: 134605344
debug_echoi: Niveau de référencement:, paramètre: 0
debug_echo: déclaration du symbole empilée
debug_echo: </déclaration>
debug_echo: <déclaration>
debug_echoi: Type du symbole:, paramètre: 2
debug_echoi: ID, son TinyStringID vaut:, paramètre: 53
debug_echoi: Symbole créé à l'adresse:, paramètre: 134605408
debug_echoi: Niveau de référencement:, paramètre: 0
debug_echo: déclaration du symbole empilée
debug_echo: </déclaration>
debug_echo: <déclaration>
debug_echoi: Type du symbole:, paramètre: 2
debug_echoi: ID, son TinyStringID vaut:, paramètre: 26
debug_echoi: Symbole créé à l'adresse:, paramètre: 134605472
debug_echoi: Niveau de référencement:, paramètre: 0
debug_echo: déclaration du symbole empilée
debug_echo: </déclaration>
debug_echoi: Symbole trouvé dans le contexte à l'adresse:, paramètre: 134604424
debug_echoi: tentative de conversion strtoi sur NUM_I, paramètre: 0
debug_echoi: Symbole INT créé à l'adresse:, paramètre: 134605528
debug_echo: déclaration du symbole empilée
debug_echo: instruction d'affectation empilée
debug_echoi: assigne à $1, situé à, paramètre: 134604424
debug_echoi: la donnée dans $3, située à, paramètre: 134605528
debug_echo: instruction d'assignement empilée
debug_echoi: Symbole trouvé dans le contexte à l'adresse:, paramètre: 134604504
debug_echoi: tentative de conversion strtoi sur NUM_I, paramètre: 10000000
debug_echoi: Symbole INT créé à l'adresse:, paramètre: 134606176
debug_echo: déclaration du symbole empilée
debug_echo: instruction d'affectation empilée
debug_echoi: assigne à $1, situé à, paramètre: 134604504
debug_echoi: la donnée dans $3, située à, paramètre: 134606176
debug_echo: instruction d'assignement empilée
debug_echoi: Symbole trouvé dans le contexte à l'adresse:, paramètre: 134604568
debug_echoi: tentative de conversion strtoi sur NUM_I, paramètre: 0
debug_echoi: Symbole INT créé à l'adresse:, paramètre: 134606280
debug_echo: déclaration du symbole empilée
debug_echo: instruction d'affectation empilée
debug_echoi: assigne à $1, situé à, paramètre: 134604568
debug_echoi: la donnée dans $3, située à, paramètre: 134606280
debug_echo: instruction d'assignement empilée
debug_echoi: Symbole trouvé dans le contexte à l'adresse:, paramètre: 134605200
debug_echoi: tentative de conversion strtoi sur NUM_I, paramètre: 0
debug_echoi: Symbole INT créé à l'adresse:, paramètre: 134606384
debug_echo: déclaration du symbole empilée
debug_echo: instruction d'affectation empilée
debug_echoi: assigne à $1, situé à, paramètre: 134605200
debug_echoi: la donnée dans $3, située à, paramètre: 134606384
debug_echo: instruction d'assignement empilée
debug_echoi: Symbole trouvé dans le contexte à l'adresse:, paramètre: 134605264
debug_echof: tentative de conversion strtof sur NUM_F, paramètre: 1
debug_echoi: Symbole FLOAT créé à l'adresse:, paramètre: 134606488
debug_echo: déclaration du symbole empilée
debug_echo: instruction d'affectation empilée
debug_echoi: Symbole trouvé dans le contexte à l'adresse:, paramètre: 134604504
debug_echo: <process div>
debug_echoi: opération: $1 à l'adresse:, paramètre: 134606488
debug_echoi: opération: $3 à l'adresse:, paramètre: 134606552
debug_echoi: Type de retour compatible trouvé:, paramètre: 2
debug_echoi: Symbole de retour pour l'opération créé à l'adresse:, paramètre:
134606616
debug_echo: Déclaration du symbole de retour empilée
debug_echo: instruction d'opération valide et empilée
debug_echo: </process div>
debug_echoi: assigne à $1, situé à, paramètre: 134605264
debug_echoi: la donnée dans $3, située à, paramètre: 134606616
debug_echo: instruction d'assignement empilée
debug_echoi: Symbole trouvé dans le contexte à l'adresse:, paramètre: 134605408
debug_echof: tentative de conversion strtof sur NUM_F, paramètre: 4
debug_echoi: Symbole FLOAT créé à l'adresse:, paramètre: 134624168
debug_echo: déclaration du symbole empilée
debug_echo: instruction d'affectation empilée
debug_echof: tentative de conversion strtof sur NUM_F, paramètre: 1
debug_echoi: Symbole FLOAT créé à l'adresse:, paramètre: 134624232
debug_echo: déclaration du symbole empilée
debug_echo: instruction d'affectation empilée
debug_echoi: Symbole trouvé dans le contexte à l'adresse:, paramètre: 134605200
debug_echoi: Symbole trouvé dans le contexte à l'adresse:, paramètre: 134605200
debug_echo: <process star>
debug_echoi: opération: $1 à l'adresse:, paramètre: 134605200
debug_echoi: opération: $3 à l'adresse:, paramètre: 134605200
debug_echoi: Type de retour compatible trouvé:, paramètre: 2
debug_echoi: Symbole de retour pour l'opération créé à l'adresse:, paramètre:
134624432
debug_echo: Déclaration du symbole de retour empilée
debug_echo: instruction d'opération valide et empilée
debug_echo: </process star>
debug_echo: <process plus>
debug_echoi: opération: $1 à l'adresse:, paramètre: 134624232
debug_echoi: opération: $3 à l'adresse:, paramètre: 134624432
debug_echoi: Type de retour compatible trouvé:, paramètre: 2
debug_echoi: Symbole de retour pour l'opération créé à l'adresse:, paramètre:
134624496
debug_echo: Déclaration du symbole de retour empilée
debug_echo: instruction d'opération valide et empilée
debug_echo: </process plus>
debug_echo: <process div>
debug_echoi: opération: $1 à l'adresse:, paramètre: 134624168
debug_echoi: opération: $3 à l'adresse:, paramètre: 134624496
debug_echoi: Type de retour compatible trouvé:, paramètre: 2
debug_echoi: Symbole de retour pour l'opération créé à l'adresse:, paramètre:
134624560
debug_echo: Déclaration du symbole de retour empilée
debug_echo: instruction d'opération valide et empilée
debug_echo: </process div>
debug_echoi: assigne à $1, situé à, paramètre: 134605408
debug_echoi: la donnée dans $3, située à, paramètre: 134624560
debug_echo: instruction d'assignement empilée
debug_echoi: Symbole trouvé dans le contexte à l'adresse:, paramètre: 134604424
debug_echoi: Symbole trouvé dans le contexte à l'adresse:, paramètre: 134604504
debug_echo: <process low>
debug_echoi: opération: $1 à l'adresse:, paramètre: 134604424
debug_echoi: opération: $3 à l'adresse:, paramètre: 134604504
debug_echoi: Type de retour compatible trouvé:, paramètre: 1
debug_echoi: Symbole de retour pour l'opération créé à l'adresse:, paramètre:
134624704
debug_echo: Déclaration du symbole de retour empilée
debug_echo: instruction d'opération valide et empilée
debug_echo: </process low>
debug_echo: contexte ouvert
debug_echo: Symbole non trouvé dans le contexte, recherche hors du contexte...
debug_echoi: Symbole trouvé hors du contexte à l'adresse:, paramètre: 134605344
debug_echo: Symbole non trouvé dans le contexte, recherche hors du contexte...
debug_echoi: Symbole trouvé hors du contexte à l'adresse:, paramètre: 134605408
debug_echoi: assigne à $1, situé à, paramètre: 134605344
debug_echoi: la donnée dans $3, située à, paramètre: 134605408
debug_echo: instruction d'assignement empilée
debug_echo: Symbole non trouvé dans le contexte, recherche hors du contexte...
debug_echoi: Symbole trouvé hors du contexte à l'adresse:, paramètre: 134605408
debug_echof: tentative de conversion strtof sur NUM_F, paramètre: 4
debug_echoi: Symbole FLOAT créé à l'adresse:, paramètre: 134624768
debug_echo: déclaration du symbole empilée
debug_echo: instruction d'affectation empilée
debug_echof: tentative de conversion strtof sur NUM_F, paramètre: 1
debug_echoi: Symbole FLOAT créé à l'adresse:, paramètre: 134624872
debug_echo: déclaration du symbole empilée
debug_echo: instruction d'affectation empilée
debug_echo: Symbole non trouvé dans le contexte, recherche hors du contexte...
debug_echoi: Symbole trouvé hors du contexte à l'adresse:, paramètre: 134605200
debug_echo: Symbole non trouvé dans le contexte, recherche hors du contexte...
debug_echoi: Symbole trouvé hors du contexte à l'adresse:, paramètre: 134605264
debug_echo: <process plus>
debug_echoi: opération: $1 à l'adresse:, paramètre: 134605200
debug_echoi: opération: $3 à l'adresse:, paramètre: 134605264
debug_echoi: Type de retour compatible trouvé:, paramètre: 2
debug_echoi: Symbole de retour pour l'opération créé à l'adresse:, paramètre:
134624936
debug_echo: Déclaration du symbole de retour empilée
debug_echo: instruction d'opération valide et empilée
debug_echo: </process plus>
debug_echo: Symbole non trouvé dans le contexte, recherche hors du contexte...
debug_echoi: Symbole trouvé hors du contexte à l'adresse:, paramètre: 134605200
debug_echo: Symbole non trouvé dans le contexte, recherche hors du contexte...
debug_echoi: Symbole trouvé hors du contexte à l'adresse:, paramètre: 134605264
debug_echo: <process plus>
debug_echoi: opération: $1 à l'adresse:, paramètre: 134605200
debug_echoi: opération: $3 à l'adresse:, paramètre: 134605264
debug_echoi: Type de retour compatible trouvé:, paramètre: 2
debug_echoi: Symbole de retour pour l'opération créé à l'adresse:, paramètre:
134625000
debug_echo: Déclaration du symbole de retour empilée
debug_echo: instruction d'opération valide et empilée
debug_echo: </process plus>
debug_echo: <process star>
debug_echoi: opération: $1 à l'adresse:, paramètre: 134624936
debug_echoi: opération: $3 à l'adresse:, paramètre: 134625000
debug_echoi: Type de retour compatible trouvé:, paramètre: 2
debug_echoi: Symbole de retour pour l'opération créé à l'adresse:, paramètre:
134625064
debug_echo: Déclaration du symbole de retour empilée
debug_echo: instruction d'opération valide et empilée
debug_echo: </process star>
debug_echo: <process plus>
debug_echoi: opération: $1 à l'adresse:, paramètre: 134624872
debug_echoi: opération: $3 à l'adresse:, paramètre: 134625064
debug_echoi: Type de retour compatible trouvé:, paramètre: 2
debug_echoi: Symbole de retour pour l'opération créé à l'adresse:, paramètre:
134625128
debug_echo: Déclaration du symbole de retour empilée
debug_echo: instruction d'opération valide et empilée
debug_echo: </process plus>
debug_echo: <process div>
debug_echoi: opération: $1 à l'adresse:, paramètre: 134624768
debug_echoi: opération: $3 à l'adresse:, paramètre: 134625128
debug_echoi: Type de retour compatible trouvé:, paramètre: 2
debug_echoi: Symbole de retour pour l'opération créé à l'adresse:, paramètre:
134625192
debug_echo: Déclaration du symbole de retour empilée
debug_echo: instruction d'opération valide et empilée
debug_echo: </process div>
debug_echoi: assigne à $1, situé à, paramètre: 134605408
debug_echoi: la donnée dans $3, située à, paramètre: 134625192
debug_echo: instruction d'assignement empilée
debug_echo: Symbole non trouvé dans le contexte, recherche hors du contexte...
debug_echoi: Symbole trouvé hors du contexte à l'adresse:, paramètre: 134604568
debug_echo: Symbole non trouvé dans le contexte, recherche hors du contexte...
debug_echoi: Symbole trouvé hors du contexte à l'adresse:, paramètre: 134604568
debug_echo: Symbole non trouvé dans le contexte, recherche hors du contexte...
debug_echoi: Symbole trouvé hors du contexte à l'adresse:, paramètre: 134605344
debug_echo: Symbole non trouvé dans le contexte, recherche hors du contexte...
debug_echoi: Symbole trouvé hors du contexte à l'adresse:, paramètre: 134605408
debug_echo: <process plus>
debug_echoi: opération: $1 à l'adresse:, paramètre: 134605344
debug_echoi: opération: $3 à l'adresse:, paramètre: 134605408
debug_echoi: Type de retour compatible trouvé:, paramètre: 2
debug_echoi: Symbole de retour pour l'opération créé à l'adresse:, paramètre:
134625296
debug_echo: Déclaration du symbole de retour empilée
debug_echo: instruction d'opération valide et empilée
debug_echo: </process plus>
debug_echo: <process plus>
debug_echoi: opération: $1 à l'adresse:, paramètre: 134604568
debug_echoi: opération: $3 à l'adresse:, paramètre: 134625296
debug_echoi: Type de retour compatible trouvé:, paramètre: 2
debug_echoi: Symbole de retour pour l'opération créé à l'adresse:, paramètre:
134625360
debug_echo: Déclaration du symbole de retour empilée
debug_echo: instruction d'opération valide et empilée
debug_echo: </process plus>
debug_echoi: assigne à $1, situé à, paramètre: 134604568
debug_echoi: la donnée dans $3, située à, paramètre: 134625360
debug_echo: instruction d'assignement empilée
debug_echo: Symbole non trouvé dans le contexte, recherche hors du contexte...
debug_echoi: Symbole trouvé hors du contexte à l'adresse:, paramètre: 134605200
debug_echo: Symbole non trouvé dans le contexte, recherche hors du contexte...
debug_echoi: Symbole trouvé hors du contexte à l'adresse:, paramètre: 134605200
debug_echo: Symbole non trouvé dans le contexte, recherche hors du contexte...
debug_echoi: Symbole trouvé hors du contexte à l'adresse:, paramètre: 134605264
debug_echo: <process plus>
debug_echoi: opération: $1 à l'adresse:, paramètre: 134605200
debug_echoi: opération: $3 à l'adresse:, paramètre: 134605264
debug_echoi: Type de retour compatible trouvé:, paramètre: 2
debug_echoi: Symbole de retour pour l'opération créé à l'adresse:, paramètre:
134625464
debug_echo: Déclaration du symbole de retour empilée
debug_echo: instruction d'opération valide et empilée
debug_echo: </process plus>
debug_echoi: assigne à $1, situé à, paramètre: 134605200
debug_echoi: la donnée dans $3, située à, paramètre: 134625464
debug_echo: instruction d'assignement empilée
debug_echo: Symbole non trouvé dans le contexte, recherche hors du contexte...
debug_echoi: Symbole trouvé hors du contexte à l'adresse:, paramètre: 134604424
debug_echo: Symbole non trouvé dans le contexte, recherche hors du contexte...
debug_echoi: Symbole trouvé hors du contexte à l'adresse:, paramètre: 134604424
debug_echoi: tentative de conversion strtoi sur NUM_I, paramètre: 1
debug_echoi: Symbole INT créé à l'adresse:, paramètre: 134625568
debug_echo: déclaration du symbole empilée
debug_echo: instruction d'affectation empilée
debug_echo: <process plus>
debug_echoi: opération: $1 à l'adresse:, paramètre: 134604424
debug_echoi: opération: $3 à l'adresse:, paramètre: 134625568
debug_echoi: Type de retour compatible trouvé:, paramètre: 1
debug_echoi: Symbole de retour pour l'opération créé à l'adresse:, paramètre:
134625632
debug_echo: Déclaration du symbole de retour empilée
debug_echo: instruction d'opération valide et empilée
debug_echo: </process plus>
debug_echoi: assigne à $1, situé à, paramètre: 134604424
debug_echoi: la donnée dans $3, située à, paramètre: 134625632
debug_echo: instruction d'assignement empilée
debug_echo: contexte sauvé
debug_echoi: Symbole trouvé dans le contexte à l'adresse:, paramètre: 134605472
debug_echoi: Symbole trouvé dans le contexte à l'adresse:, paramètre: 134604568
debug_echoi: Symbole trouvé dans le contexte à l'adresse:, paramètre: 134605264
debug_echo: <process star>
debug_echoi: opération: $1 à l'adresse:, paramètre: 134604568
debug_echoi: opération: $3 à l'adresse:, paramètre: 134605264
debug_echoi: Type de retour compatible trouvé:, paramètre: 2
debug_echoi: Symbole de retour pour l'opération créé à l'adresse:, paramètre:
134625920
debug_echo: Déclaration du symbole de retour empilée
debug_echo: instruction d'opération valide et empilée
debug_echo: </process star>
debug_echof: tentative de conversion strtof sur NUM_F, paramètre: 2
debug_echoi: Symbole FLOAT créé à l'adresse:, paramètre: 134625984
debug_echo: déclaration du symbole empilée
debug_echo: instruction d'affectation empilée
debug_echo: <process div>
debug_echoi: opération: $1 à l'adresse:, paramètre: 134625920
debug_echoi: opération: $3 à l'adresse:, paramètre: 134625984
debug_echoi: Type de retour compatible trouvé:, paramètre: 2
debug_echoi: Symbole de retour pour l'opération créé à l'adresse:, paramètre:
134626048
debug_echo: Déclaration du symbole de retour empilée
debug_echo: instruction d'opération valide et empilée
debug_echo: </process div>
debug_echoi: assigne à $1, situé à, paramètre: 134605472
debug_echoi: la donnée dans $3, située à, paramètre: 134626048
debug_echo: instruction d'assignement empilée
debug_echo: yyparse() a terminé
debug_echo: instanciation d'un module CodeWriter
debug_echo: Production de code cible dans:
debug_echo: output.3a
debug_echo: production des déclarations...
debug_echo: production des instructions...
debug_echo: libération des ressources...
debug_echo: Fin de l'écriture du code de sortie.

