ilCompilator - compilé le Dec 18 2006 à 08:06:28
<brossill@enseirb.fr><lerouxj@enseirb.fr>
debug_echo: instanciation d'un module HashTable
debug_echo: instanciation d'un module ContextStack
debug_echo: instanciation d'un module DeclarationQueue
debug_echo: instanciation d'un module InstructionQueue
debug_echo: instanciation d'un module Label
debug_echo: appel yyparse(), Ctrl+D pour arrêter la saisie
debug_echo: <déclaration>
debug_echoi: Type du symbole:, paramètre: 2
debug_echoi: ID, son TinyStringID vaut:, paramètre: 22
debug_echoi: Symbole créé à l'adresse:, paramètre: 134604408
debug_echoi: Niveau de référencement:, paramètre: 0
debug_echo: déclaration du symbole empilée
debug_echoi: ID, son TinyStringID vaut:, paramètre: 65
debug_echoi: Symbole créé à l'adresse:, paramètre: 134604488
debug_echoi: Niveau de référencement:, paramètre: 0
debug_echo: déclaration du symbole empilée
debug_echoi: ID, son TinyStringID vaut:, paramètre: 85
debug_echoi: Symbole créé à l'adresse:, paramètre: 134604560
debug_echoi: Niveau de référencement:, paramètre: 0
debug_echo: déclaration du symbole empilée
debug_echo: </déclaration>
debug_echo: <déclaration>
debug_echoi: Type du symbole:, paramètre: 1
debug_echoi: ID, son TinyStringID vaut:, paramètre: 8
debug_echoi: Symbole créé à l'adresse:, paramètre: 134605208
debug_echoi: Niveau de référencement:, paramètre: 0
debug_echo: déclaration du symbole empilée
debug_echo: </déclaration>
debug_echo: <déclaration>
debug_echoi: Type du symbole:, paramètre: 2
debug_echoi: ID, son TinyStringID vaut:, paramètre: 72
debug_echoi: Symbole créé à l'adresse:, paramètre: 134605280
debug_echoi: Niveau de référencement:, paramètre: 0
debug_echo: déclaration du symbole empilée
debug_echo: </déclaration>
debug_echo: <déclaration>
debug_echoi: Type du symbole:, paramètre: 0
debug_echoi: ID, son TinyStringID vaut:, paramètre: 31
debug_echoi: Symbole créé à l'adresse:, paramètre: 134605360
debug_echoi: Niveau de référencement:, paramètre: 0
debug_echo: déclaration du symbole empilée
debug_echo: </déclaration>
debug_echoi: Symbole trouvé dans le contexte à l'adresse:, paramètre: 134604408
debug_echof: tentative de conversion strtof sur NUM_F, paramètre: 3.14159
debug_echoi: Symbole FLOAT créé à l'adresse:, paramètre: 134605384
debug_echo: déclaration du symbole empilée
debug_echo: instruction d'affectation empilée
debug_echoi: assigne à $1, situé à, paramètre: 134604408
debug_echoi: la donnée dans $3, située à, paramètre: 134605384
debug_echo: instruction d'assignement empilée
debug_echoi: Symbole trouvé dans le contexte à l'adresse:, paramètre: 134604488
debug_echof: tentative de conversion strtof sur NUM_F, paramètre: 0.25
debug_echoi: Symbole FLOAT créé à l'adresse:, paramètre: 134605488
debug_echo: déclaration du symbole empilée
debug_echo: instruction d'affectation empilée
debug_echoi: assigne à $1, situé à, paramètre: 134604488
debug_echoi: la donnée dans $3, située à, paramètre: 134605488
debug_echo: instruction d'assignement empilée
debug_echoi: Symbole trouvé dans le contexte à l'adresse:, paramètre: 134605208
debug_echoi: tentative de conversion strtoi sur NUM_I, paramètre: 300
debug_echoi: Symbole INT créé à l'adresse:, paramètre: 134605624
debug_echo: déclaration du symbole empilée
debug_echo: instruction d'affectation empilée
debug_echoi: assigne à $1, situé à, paramètre: 134605208
debug_echoi: la donnée dans $3, située à, paramètre: 134605624
debug_echo: instruction d'assignement empilée
debug_echoi: Symbole trouvé dans le contexte à l'adresse:, paramètre: 134604560
debug_echof: tentative de conversion strtof sur NUM_F, paramètre: 500
debug_echoi: Symbole FLOAT créé à l'adresse:, paramètre: 134606288
debug_echo: déclaration du symbole empilée
debug_echo: instruction d'affectation empilée
debug_echoi: assigne à $1, situé à, paramètre: 134604560
debug_echoi: la donnée dans $3, située à, paramètre: 134606288
debug_echo: instruction d'assignement empilée
debug_echoi: Symbole trouvé dans le contexte à l'adresse:, paramètre: 134605360
debug_echoi: Symbole BOOL créé à l'adresse:, paramètre: 134606392
debug_echo: déclaration du symbole empilée
debug_echo: instruction d'affectation empilée
debug_echoi: assigne à $1, situé à, paramètre: 134605360
debug_echoi: la donnée dans $3, située à, paramètre: 134606392
debug_echo: instruction d'assignement empilée
debug_echoi: Symbole trouvé dans le contexte à l'adresse:, paramètre: 134605280
debug_echoi: Symbole trouvé dans le contexte à l'adresse:, paramètre: 134604408
debug_echoi: Symbole trouvé dans le contexte à l'adresse:, paramètre: 134604488
debug_echo: <process star>
debug_echoi: opération: $1 à l'adresse:, paramètre: 134604408
debug_echoi: opération: $3 à l'adresse:, paramètre: 134604488
debug_echoi: Type de retour compatible trouvé:, paramètre: 2
debug_echoi: Symbole de retour pour l'opération créé à l'adresse:, paramètre:
134606496
debug_echo: Déclaration du symbole de retour empilée
debug_echo: instruction d'opération valide et empilée
debug_echo: </process star>
debug_echoi: Symbole trouvé dans le contexte à l'adresse:, paramètre: 134604488
debug_echo: <process star>
debug_echoi: opération: $1 à l'adresse:, paramètre: 134606496
debug_echoi: opération: $3 à l'adresse:, paramètre: 134604488
debug_echoi: Type de retour compatible trouvé:, paramètre: 2
debug_echoi: Symbole de retour pour l'opération créé à l'adresse:, paramètre:
134606560
debug_echo: Déclaration du symbole de retour empilée
debug_echo: instruction d'opération valide et empilée
debug_echo: </process star>
debug_echoi: Symbole trouvé dans le contexte à l'adresse:, paramètre: 134605208
debug_echo: <process star>
debug_echoi: opération: $1 à l'adresse:, paramètre: 134606560
debug_echoi: opération: $3 à l'adresse:, paramètre: 134605208
debug_echoi: Type de retour compatible trouvé:, paramètre: 2
debug_echoi: Symbole de retour pour l'opération créé à l'adresse:, paramètre:
134606624
debug_echo: Déclaration du symbole de retour empilée
debug_echo: instruction d'opération valide et empilée
debug_echo: </process star>
debug_echoi: assigne à $1, situé à, paramètre: 134605280
debug_echoi: la donnée dans $3, située à, paramètre: 134606624
debug_echo: instruction d'assignement empilée
debug_echoi: Symbole trouvé dans le contexte à l'adresse:, paramètre: 134605280
debug_echoi: Symbole trouvé dans le contexte à l'adresse:, paramètre: 134604560
debug_echo: <process grt>
debug_echoi: opération: $1 à l'adresse:, paramètre: 134605280
debug_echoi: opération: $3 à l'adresse:, paramètre: 134604560
debug_echoi: Type de retour compatible trouvé:, paramètre: 2
debug_echoi: Symbole de retour pour l'opération créé à l'adresse:, paramètre:
134624168
debug_echo: Déclaration du symbole de retour empilée
debug_echo: instruction d'opération valide et empilée
debug_echo: </process grt>
debug_echoi: Symbole trouvé dans le contexte à l'adresse:, paramètre: 134605360
debug_echoi: Symbole BOOL créé à l'adresse:, paramètre: 134624336
debug_echo: déclaration du symbole empilée
debug_echo: instruction d'affectation empilée
debug_echoi: assigne à $1, situé à, paramètre: 134605360
debug_echoi: la donnée dans $3, située à, paramètre: 134624336
debug_echo: instruction d'assignement empilée
debug_echo: yyparse() a terminé
debug_echo: instanciation d'un module CodeWriter
debug_echo: Production de code cible dans:
debug_echo: output.3a
debug_echo: production des déclarations...
debug_echo: production des instructions...
debug_echo: libération des ressources...
debug_echo: Fin de l'écriture du code de sortie.

