ilCompilator - compilé le Dec 18 2006 à 10:15:41
<brossill@enseirb.fr><lerouxj@enseirb.fr>
debug_echo: instanciation d'un module HashTable
debug_echo: instanciation d'un module ContextStack
debug_echo: instanciation d'un module DeclarationQueue
debug_echo: instanciation d'un module InstructionQueue
debug_echo: instanciation d'un module Label
debug_echo: appel yyparse(), Ctrl+D pour arrêter la saisie
debug_echo: <déclaration>
debug_echoi: Type du symbole:, paramètre: 1
debug_echoi: ID, son TinyStringID vaut:, paramètre: 46
debug_echoi: Symbole créé à l'adresse:, paramètre: 134604424
debug_echoi: Niveau de référencement:, paramètre: 1
debug_echo: déclaration du symbole empilée
debug_echo: </déclaration>
debug_echo: <déclaration>
debug_echoi: Type du symbole:, paramètre: 1
debug_echoi: ID, son TinyStringID vaut:, paramètre: 27
debug_echoi: Symbole créé à l'adresse:, paramètre: 134604512
debug_echoi: Niveau de référencement:, paramètre: 1
debug_echo: déclaration du symbole empilée
debug_echo: </déclaration>
debug_echo: <déclaration>
debug_echoi: Type du symbole:, paramètre: 1
debug_echoi: ID, son TinyStringID vaut:, paramètre: 3
debug_echoi: Symbole créé à l'adresse:, paramètre: 134605152
debug_echoi: Niveau de référencement:, paramètre: 0
debug_echo: déclaration du symbole empilée
debug_echoi: ID, son TinyStringID vaut:, paramètre: 5
debug_echoi: Symbole créé à l'adresse:, paramètre: 134605224
debug_echoi: Niveau de référencement:, paramètre: 0
debug_echo: déclaration du symbole empilée
debug_echo: </déclaration>
debug_echo: <déclaration>
debug_echoi: Type du symbole:, paramètre: 1
debug_echoi: ID, son TinyStringID vaut:, paramètre: 105
debug_echoi: Symbole créé à l'adresse:, paramètre: 134605272
debug_echoi: Niveau de référencement:, paramètre: 0
debug_echo: déclaration du symbole empilée
debug_echo: </déclaration>
debug_echoi: Symbole trouvé dans le contexte à l'adresse:, paramètre: 134604424
debug_echoi: tentative de conversion strtoi sur NUM_I, paramètre: 0
debug_echoi: Symbole INT créé à l'adresse:, paramètre: 134605176
debug_echo: déclaration du symbole empilée
debug_echo: instruction d'affectation empilée
debug_echoi: assigne à $1, situé à, paramètre: 134604424
debug_echoi: la donnée dans $3, située à, paramètre: 134605176
WARNING, Guru Meditation: conversion implicite du symbole, avec perte de données
debug_echo: instruction d'assignement empilée
debug_echoi: Symbole trouvé dans le contexte à l'adresse:, paramètre: 134604512
debug_echoi: Symbole trouvé dans le contexte à l'adresse:, paramètre: 134604424
debug_echoi: assigne à $1, situé à, paramètre: 134604512
debug_echoi: la donnée dans $3, située à, paramètre: 134604424
debug_echo: instruction d'assignement empilée
debug_echoi: Symbole trouvé dans le contexte à l'adresse:, paramètre: 134605272
debug_echoi: tentative de conversion strtoi sur NUM_I, paramètre: 0
debug_echoi: Symbole INT créé à l'adresse:, paramètre: 134605488
debug_echo: déclaration du symbole empilée
debug_echo: instruction d'affectation empilée
debug_echoi: assigne à $1, situé à, paramètre: 134605272
debug_echoi: la donnée dans $3, située à, paramètre: 134605488
debug_echo: instruction d'assignement empilée
debug_echoi: Symbole trouvé dans le contexte à l'adresse:, paramètre: 134605272
debug_echoi: Symbole trouvé dans le contexte à l'adresse:, paramètre: 134605152
debug_echo: <process low>
debug_echoi: opération: $1 à l'adresse:, paramètre: 134605272
debug_echoi: opération: $3 à l'adresse:, paramètre: 134605152
debug_echoi: Type de retour compatible trouvé:, paramètre: 1
debug_echoi: Symbole de retour pour l'opération créé à l'adresse:, paramètre:
134606176
debug_echo: Déclaration du symbole de retour empilée
debug_echo: instruction d'opération valide et empilée
debug_echo: </process low>
debug_echo: contexte ouvert
debug_echo: Symbole non trouvé dans le contexte, recherche hors du contexte...
debug_echoi: Symbole trouvé hors du contexte à l'adresse:, paramètre: 134604512
debug_echo: Symbole non trouvé dans le contexte, recherche hors du contexte...
debug_echoi: Symbole trouvé hors du contexte à l'adresse:, paramètre: 134605272
debug_echo: Symbole non trouvé dans le contexte, recherche hors du contexte...
debug_echoi: Symbole trouvé hors du contexte à l'adresse:, paramètre: 134605272
debug_echo: <process star>
debug_echoi: opération: $1 à l'adresse:, paramètre: 134605272
debug_echoi: opération: $3 à l'adresse:, paramètre: 134605272
debug_echoi: Type de retour compatible trouvé:, paramètre: 1
debug_echoi: Symbole de retour pour l'opération créé à l'adresse:, paramètre:
134606240
debug_echo: Déclaration du symbole de retour empilée
debug_echo: instruction d'opération valide et empilée
debug_echo: </process star>
debug_echoi: assigne à $1, situé à, paramètre: 134604512
debug_echoi: la donnée dans $3, située à, paramètre: 134606240
debug_echo: instruction d'assignement empilée
debug_echo: Symbole non trouvé dans le contexte, recherche hors du contexte...
debug_echoi: Symbole trouvé hors du contexte à l'adresse:, paramètre: 134604512
debug_echo: Symbole non trouvé dans le contexte, recherche hors du contexte...
debug_echoi: Symbole trouvé hors du contexte à l'adresse:, paramètre: 134604512
debug_echoi: tentative de conversion strtoi sur NUM_I, paramètre: 1
debug_echoi: Symbole INT créé à l'adresse:, paramètre: 134606376
debug_echo: déclaration du symbole empilée
debug_echo: instruction d'affectation empilée
debug_echo: <process plus>
debug_echoi: opération: $1 à l'adresse:, paramètre: 134604512
debug_echoi: opération: $3 à l'adresse:, paramètre: 134606376
debug_echoi: Type de retour compatible trouvé:, paramètre: 1
debug_echoi: Symbole de retour pour l'opération créé à l'adresse:, paramètre:
134606440
debug_echo: Déclaration du symbole de retour empilée
debug_echo: instruction d'opération valide et empilée
debug_echo: </process plus>
debug_echoi: assigne à $1, situé à, paramètre: 134604512
debug_echoi: la donnée dans $3, située à, paramètre: 134606440
debug_echo: instruction d'assignement empilée
debug_echo: contexte sauvé
debug_echo: yyparse() a terminé
debug_echo: instanciation d'un module CodeWriter
debug_echo: Production de code cible dans:
debug_echo: output.3a
debug_echo: production des déclarations...
debug_echo: production des instructions...
debug_echo: libération des ressources...
debug_echo: Fin de l'écriture du code de sortie.

